This file contains any messages produced by compilers while
running configure, to aid debugging if configure makes a mistake.

It was created by cpp-crash configure 0.1, which was
generated by GNU Autoconf 2.69.  Invocation command line was

  $ ./configure 

## --------- ##
## Platform. ##
## --------- ##

hostname = miniEd.local
uname -m = x86_64
uname -r = 12.5.0
uname -s = Darwin
uname -v = Darwin Kernel Version 12.5.0: Sun Sep 29 13:33:47 PDT 2013; root:xnu-2050.48.12~1/RELEASE_X86_64

/usr/bin/uname -p = i386
/bin/uname -X     = unknown

/bin/arch              = unknown
/usr/bin/arch -k       = unknown
/usr/convex/getsysinfo = unknown
/usr/bin/hostinfo      = Mach kernel version:
	 Darwin Kernel Version 12.5.0: Sun Sep 29 13:33:47 PDT 2013; root:xnu-2050.48.12~1/RELEASE_X86_64
Kernel configured for up to 4 processors.
2 processors are physically available.
4 processors are logically available.
Processor type: i486 (Intel 80486)
Processors active: 0 1 2 3
Primary memory available: 16.00 gigabytes
Default processor set: 210 tasks, 1141 threads, 4 processors
Load average: 1.59, Mach factor: 2.80
/bin/machine           = unknown
/usr/bin/oslevel       = unknown
/bin/universe          = unknown

PATH: /Users/edgarsg/.rbenv/shims
PATH: /Users/edgarsg/.rbenv/shims
PATH: /usr/local/bin
PATH: /usr/local/sbin
PATH: /usr/bin
PATH: /bin
PATH: /usr/sbin
PATH: /sbin
PATH: /opt/X11/bin
PATH: /Users/edgarsg/.rbenv/shims
PATH: /Users/edgarsg/.yadr/bin
PATH: /Users/edgarsg/.yadr/bin/yadr
PATH: /Users/edgarsg/.yadr/bin
PATH: /Users/edgarsg/.yadr/bin/yadr


## ----------- ##
## Core tests. ##
## ----------- ##

configure:1880: checking for a BSD-compatible install
configure:1948: result: /usr/bin/install -c
configure:1959: checking whether build environment is sane
configure:2014: result: yes
configure:2165: checking for a thread-safe mkdir -p
configure:2204: result: ./install-sh -c -d
configure:2211: checking for gawk
configure:2241: result: no
configure:2211: checking for mawk
configure:2241: result: no
configure:2211: checking for nawk
configure:2241: result: no
configure:2211: checking for awk
configure:2227: found /usr/bin/awk
configure:2238: result: awk
configure:2249: checking whether make sets $(MAKE)
configure:2271: result: yes
configure:2300: checking whether make supports nested variables
configure:2317: result: yes
configure:2490: checking for gcc
configure:2506: found /usr/local/bin/gcc
configure:2517: result: gcc
configure:2746: checking for C compiler version
configure:2755: gcc --version >&5
gcc (GCC) 4.8.3
Copyright (C) 2013 Free Software Foundation, Inc.
This is free software; see the source for copying conditions.  There is NO
warranty; not even for MERCHANTABILITY or FITNESS FOR A PARTICULAR PURPOSE.

configure:2766: $? = 0
configure:2755: gcc -v >&5
Using built-in specs.
COLLECT_GCC=gcc
COLLECT_LTO_WRAPPER=/usr/local/Cellar/gcc/4.8.3/libexec/gcc/x86_64-apple-darwin12.5.0/4.8.3/lto-wrapper
Target: x86_64-apple-darwin12.5.0
Configured with: ../configure --build=x86_64-apple-darwin12.5.0 --prefix=/usr/local/Cellar/gcc/4.8.3 --enable-languages=c,c++,objc,obj-c++,fortran,java --with-gmp=/usr/local/opt/gmp --with-mpfr=/usr/local/opt/mpfr --with-mpc=/usr/local/opt/libmpc --with-cloog=/usr/local/opt/cloog --with-isl=/usr/local/opt/isl --with-system-zlib --enable-version-specific-runtime-libs --enable-libstdcxx-time=yes --enable-stage1-checking --enable-checking=release --enable-lto --disable-werror --enable-plugin --with-ecj-jar=/usr/local/opt/ecj/share/java/ecj.jar --enable-multilib
Thread model: posix
gcc version 4.8.3 (GCC) 
configure:2766: $? = 0
configure:2755: gcc -V >&5
gcc: error: unrecognized command line option '-V'
gcc: fatal error: no input files
compilation terminated.
configure:2766: $? = 1
configure:2755: gcc -qversion >&5
gcc: error: unrecognized command line option '-qversion'
gcc: fatal error: no input files
compilation terminated.
configure:2766: $? = 1
configure:2786: checking whether the C compiler works
configure:2808: gcc    conftest.c  >&5
configure:2812: $? = 0
configure:2860: result: yes
configure:2863: checking for C compiler default output file name
configure:2865: result: a.out
configure:2871: checking for suffix of executables
configure:2878: gcc -o conftest    conftest.c  >&5
configure:2882: $? = 0
configure:2904: result: 
configure:2926: checking whether we are cross compiling
configure:2934: gcc -o conftest    conftest.c  >&5
configure:2938: $? = 0
configure:2945: ./conftest
configure:2949: $? = 0
configure:2964: result: no
configure:2969: checking for suffix of object files
configure:2991: gcc -c   conftest.c >&5
configure:2995: $? = 0
configure:3016: result: o
configure:3020: checking whether we are using the GNU C compiler
configure:3039: gcc -c   conftest.c >&5
configure:3039: $? = 0
configure:3048: result: yes
configure:3057: checking whether gcc accepts -g
configure:3077: gcc -c -g  conftest.c >&5
configure:3077: $? = 0
configure:3118: result: yes
configure:3135: checking for gcc option to accept ISO C89
configure:3198: gcc  -c -g -O2  conftest.c >&5
configure:3198: $? = 0
configure:3211: result: none needed
configure:3236: checking whether gcc understands -c and -o together
configure:3258: gcc -c conftest.c -o conftest2.o
configure:3261: $? = 0
configure:3258: gcc -c conftest.c -o conftest2.o
configure:3261: $? = 0
configure:3273: result: yes
configure:3301: checking for style of include used by make
configure:3329: result: GNU
configure:3355: checking dependency style of gcc
configure:3466: result: gcc3
configure:3539: checking for g++
configure:3555: found /usr/local/bin/g++
configure:3566: result: g++
configure:3593: checking for C++ compiler version
configure:3602: g++ --version >&5
g++ (GCC) 4.8.3
Copyright (C) 2013 Free Software Foundation, Inc.
This is free software; see the source for copying conditions.  There is NO
warranty; not even for MERCHANTABILITY or FITNESS FOR A PARTICULAR PURPOSE.

configure:3613: $? = 0
configure:3602: g++ -v >&5
Using built-in specs.
COLLECT_GCC=g++
COLLECT_LTO_WRAPPER=/usr/local/Cellar/gcc/4.8.3/libexec/gcc/x86_64-apple-darwin12.5.0/4.8.3/lto-wrapper
Target: x86_64-apple-darwin12.5.0
Configured with: ../configure --build=x86_64-apple-darwin12.5.0 --prefix=/usr/local/Cellar/gcc/4.8.3 --enable-languages=c,c++,objc,obj-c++,fortran,java --with-gmp=/usr/local/opt/gmp --with-mpfr=/usr/local/opt/mpfr --with-mpc=/usr/local/opt/libmpc --with-cloog=/usr/local/opt/cloog --with-isl=/usr/local/opt/isl --with-system-zlib --enable-version-specific-runtime-libs --enable-libstdcxx-time=yes --enable-stage1-checking --enable-checking=release --enable-lto --disable-werror --enable-plugin --with-ecj-jar=/usr/local/opt/ecj/share/java/ecj.jar --enable-multilib
Thread model: posix
gcc version 4.8.3 (GCC) 
configure:3613: $? = 0
configure:3602: g++ -V >&5
g++: error: unrecognized command line option '-V'
g++: fatal error: no input files
compilation terminated.
configure:3613: $? = 1
configure:3602: g++ -qversion >&5
g++: error: unrecognized command line option '-qversion'
g++: fatal error: no input files
compilation terminated.
configure:3613: $? = 1
configure:3617: checking whether we are using the GNU C++ compiler
configure:3636: g++ -c   conftest.cpp >&5
configure:3636: $? = 0
configure:3645: result: yes
configure:3654: checking whether g++ accepts -g
configure:3674: g++ -c -g  conftest.cpp >&5
configure:3674: $? = 0
configure:3715: result: yes
configure:3740: checking dependency style of g++
configure:3851: result: gcc3
configure:3985: checking that generated files are newer than configure
configure:3991: result: done
configure:4018: creating ./config.status

## ---------------------- ##
## Running config.status. ##
## ---------------------- ##

This file was extended by cpp-crash config.status 0.1, which was
generated by GNU Autoconf 2.69.  Invocation command line was

  CONFIG_FILES    = 
  CONFIG_HEADERS  = 
  CONFIG_LINKS    = 
  CONFIG_COMMANDS = 
  $ ./config.status 

on miniEd.local

config.status:848: creating Makefile
config.status:848: creating src/Makefile
config.status:848: creating src/2-from-c-to-cpp/Makefile
config.status:848: creating src/3-classes/Makefile
config.status:848: creating config.h
config.status:1029: config.h is unchanged
config.status:1077: executing depfiles commands

## ---------------- ##
## Cache variables. ##
## ---------------- ##

ac_cv_c_compiler_gnu=yes
ac_cv_cxx_compiler_gnu=yes
ac_cv_env_CCC_set=
ac_cv_env_CCC_value=
ac_cv_env_CC_set=
ac_cv_env_CC_value=
ac_cv_env_CFLAGS_set=
ac_cv_env_CFLAGS_value=
ac_cv_env_CPPFLAGS_set=
ac_cv_env_CPPFLAGS_value=
ac_cv_env_CXXFLAGS_set=
ac_cv_env_CXXFLAGS_value=
ac_cv_env_CXX_set=
ac_cv_env_CXX_value=
ac_cv_env_LDFLAGS_set=
ac_cv_env_LDFLAGS_value=
ac_cv_env_LIBS_set=
ac_cv_env_LIBS_value=
ac_cv_env_build_alias_set=
ac_cv_env_build_alias_value=
ac_cv_env_host_alias_set=
ac_cv_env_host_alias_value=
ac_cv_env_target_alias_set=
ac_cv_env_target_alias_value=
ac_cv_objext=o
ac_cv_path_install='/usr/bin/install -c'
ac_cv_prog_AWK=awk
ac_cv_prog_ac_ct_CC=gcc
ac_cv_prog_ac_ct_CXX=g++
ac_cv_prog_cc_c89=
ac_cv_prog_cc_g=yes
ac_cv_prog_cxx_g=yes
ac_cv_prog_make_make_set=yes
am_cv_CC_dependencies_compiler_type=gcc3
am_cv_CXX_dependencies_compiler_type=gcc3
am_cv_make_support_nested_variables=yes
am_cv_prog_cc_c_o=yes

## ----------------- ##
## Output variables. ##
## ----------------- ##

ACLOCAL='${SHELL} /Users/edgarsg/src/cpp-crash/missing aclocal-1.14'
AMDEPBACKSLASH='\'
AMDEP_FALSE='#'
AMDEP_TRUE=''
AMTAR='$${TAR-tar}'
AM_BACKSLASH='\'
AM_DEFAULT_V='$(AM_DEFAULT_VERBOSITY)'
AM_DEFAULT_VERBOSITY='1'
AM_V='$(V)'
AUTOCONF='${SHELL} /Users/edgarsg/src/cpp-crash/missing autoconf'
AUTOHEADER='${SHELL} /Users/edgarsg/src/cpp-crash/missing autoheader'
AUTOMAKE='${SHELL} /Users/edgarsg/src/cpp-crash/missing automake-1.14'
AWK='awk'
CC='gcc'
CCDEPMODE='depmode=gcc3'
CFLAGS='-g -O2'
CPPFLAGS=''
CXX='g++'
CXXDEPMODE='depmode=gcc3'
CXXFLAGS='-g -O2'
CYGPATH_W='echo'
DEFS='-DHAVE_CONFIG_H'
DEPDIR='.deps'
ECHO_C='\c'
ECHO_N=''
ECHO_T=''
EXEEXT=''
INSTALL_DATA='${INSTALL} -m 644'
INSTALL_PROGRAM='${INSTALL}'
INSTALL_SCRIPT='${INSTALL}'
INSTALL_STRIP_PROGRAM='$(install_sh) -c -s'
LDFLAGS=''
LIBOBJS=''
LIBS=''
LTLIBOBJS=''
MAKEINFO='${SHELL} /Users/edgarsg/src/cpp-crash/missing makeinfo'
MKDIR_P='./install-sh -c -d'
OBJEXT='o'
PACKAGE='cpp-crash'
PACKAGE_BUGREPORT='edgarsanchezg@gmail.com'
PACKAGE_NAME='cpp-crash'
PACKAGE_STRING='cpp-crash 0.1'
PACKAGE_TARNAME='cpp-crash'
PACKAGE_URL=''
PACKAGE_VERSION='0.1'
PATH_SEPARATOR=':'
SET_MAKE=''
SHELL='/bin/sh'
STRIP=''
VERSION='0.1'
ac_ct_CC='gcc'
ac_ct_CXX='g++'
am__EXEEXT_FALSE=''
am__EXEEXT_TRUE='#'
am__fastdepCC_FALSE='#'
am__fastdepCC_TRUE=''
am__fastdepCXX_FALSE='#'
am__fastdepCXX_TRUE=''
am__include='include'
am__isrc=''
am__leading_dot='.'
am__nodep='_no'
am__quote=''
am__tar='$${TAR-tar} chof - "$$tardir"'
am__untar='$${TAR-tar} xf -'
bindir='${exec_prefix}/bin'
build_alias=''
datadir='${datarootdir}'
datarootdir='${prefix}/share'
docdir='${datarootdir}/doc/${PACKAGE_TARNAME}'
dvidir='${docdir}'
exec_prefix='${prefix}'
host_alias=''
htmldir='${docdir}'
includedir='${prefix}/include'
infodir='${datarootdir}/info'
install_sh='${SHELL} /Users/edgarsg/src/cpp-crash/install-sh'
libdir='${exec_prefix}/lib'
libexecdir='${exec_prefix}/libexec'
localedir='${datarootdir}/locale'
localstatedir='${prefix}/var'
mandir='${datarootdir}/man'
mkdir_p='$(MKDIR_P)'
oldincludedir='/usr/include'
pdfdir='${docdir}'
prefix='/usr/local'
program_transform_name='s,x,x,'
psdir='${docdir}'
sbindir='${exec_prefix}/sbin'
sharedstatedir='${prefix}/com'
sysconfdir='${prefix}/etc'
target_alias=''

## ----------- ##
## confdefs.h. ##
## ----------- ##

/* confdefs.h */
#define PACKAGE_NAME "cpp-crash"
#define PACKAGE_TARNAME "cpp-crash"
#define PACKAGE_VERSION "0.1"
#define PACKAGE_STRING "cpp-crash 0.1"
#define PACKAGE_BUGREPORT "edgarsanchezg@gmail.com"
#define PACKAGE_URL ""
#define PACKAGE "cpp-crash"
#define VERSION "0.1"

configure: exit 0

## ---------------------- ##
## Running config.status. ##
## ---------------------- ##

This file was extended by cpp-crash config.status 0.1, which was
generated by GNU Autoconf 2.69.  Invocation command line was

  CONFIG_FILES    = 
  CONFIG_HEADERS  = 
  CONFIG_LINKS    = 
  CONFIG_COMMANDS = 
  $ ./config.status config.h

on miniEd.local

config.status:848: creating config.h
config.status:1029: config.h is unchanged
